<?xml version="1.0" encoding="UTF-8"?>
<!-- Generated by org.testng.reporters.JUnitXMLReporter -->
<testsuite ignored="2" hostname="Karthicks-MacBook-Pro.local" failures="0" tests="1" name="Test" time="25.755" errors="0" timestamp="2022-04-05T19:55:10 IST">
  <testcase classname="testcases.CustomerTest" name="searchCustomerByName" time="10.828"/>
  <testcase classname="testcases.CustomerTest" name="searchCustomerByemail" time="0.0">
    <ignored/>
  </testcase> <!-- searchCustomerByemail -->
  <testcase classname="testcases.CustomerTest" name="searchCustomerTitleValidation" time="0.0">
    <ignored/>
  </testcase> <!-- searchCustomerTitleValidation -->
</testsuite> <!-- Test -->
